\BOOKMARK [2][-]{section*.1}{\376\377\0001\000.}{}% 1
\BOOKMARK [2][-]{section*.2}{\376\377\0002\000.}{}% 2
\BOOKMARK [2][-]{section*.3}{\376\377\000C\000h\000a\000p\000t\000e\000r\000\040\0003\000\040\000C\000o\000n\000c\000e\000p\000t\000u\000a\000l\000\040\000E\000x\000e\000r\000c\000i\000s\000e\000\040\0003}{}% 3
\BOOKMARK [3][-]{section*.4}{\376\377\000\050\000a\000\051}{section*.3}% 4
\BOOKMARK [3][-]{section*.5}{\376\377\000i\000.}{section*.3}% 5
\BOOKMARK [3][-]{section*.6}{\376\377\000i\000i\000.}{section*.3}% 6
\BOOKMARK [3][-]{section*.7}{\376\377\000i\000i\000i\000.}{section*.3}% 7
\BOOKMARK [3][-]{section*.8}{\376\377\000i\000v\000.}{section*.3}% 8
\BOOKMARK [3][-]{section*.9}{\376\377\000\050\000b\000\051}{section*.3}% 9
\BOOKMARK [3][-]{section*.10}{\376\377\000\050\000c\000\051}{section*.3}% 10
\BOOKMARK [2][-]{section*.11}{\376\377\000C\000h\000a\000p\000t\000e\000r\000\040\0003\000\040\000C\000o\000n\000c\000e\000p\000t\000u\000a\000l\000\040\000E\000x\000e\000r\000c\000i\000s\000e\000\040\0004}{}% 11
\BOOKMARK [3][-]{section*.12}{\376\377\000\050\000a\000\051}{section*.11}% 12
\BOOKMARK [3][-]{section*.13}{\376\377\000\050\000a\000\051}{section*.11}% 13
\BOOKMARK [3][-]{section*.14}{\376\377\000\050\000b\000\051}{section*.11}% 14
\BOOKMARK [3][-]{section*.15}{\376\377\000\050\000c\000\051}{section*.11}% 15
\BOOKMARK [3][-]{section*.16}{\376\377\000\050\000d\000\051}{section*.11}% 16
\BOOKMARK [3][-]{section*.17}{\376\377\000\050\000e\000\051}{section*.11}% 17
\BOOKMARK [3][-]{section*.18}{\376\377\000\050\000f\000\051}{section*.11}% 18
\BOOKMARK [2][-]{section*.19}{\376\377\000C\000h\000a\000p\000t\000e\000r\000\040\0003\000\040\000A\000p\000p\000l\000i\000e\000d\000\040\000E\000x\000e\000r\000c\000i\000s\000e\000\040\0001\0000}{}% 19
\BOOKMARK [3][-]{section*.20}{\376\377\000\050\000a\000\051}{section*.19}% 20
\BOOKMARK [3][-]{section*.21}{\376\377\000\050\000b\000\051}{section*.19}% 21
\BOOKMARK [3][-]{section*.22}{\376\377\000\050\000f\000\051}{section*.19}% 22
\BOOKMARK [3][-]{section*.23}{\376\377\000\050\000h\000\051}{section*.19}% 23
\BOOKMARK [2][-]{section*.24}{\376\377\000C\000h\000a\000p\000t\000e\000r\000\040\0003\000\040\000A\000p\000p\000l\000i\000e\000d\000\040\000E\000x\000e\000r\000c\000i\000s\000e\000\040\0001\0003}{}% 24
\BOOKMARK [3][-]{section*.25}{\376\377\000\050\000a\000\051}{section*.24}% 25
